<?xml version="1.0" encoding="UTF-8"?>
<!-- Generated by org.testng.reporters.JUnitReportReporter -->
<testsuite hostname="Ant-KuldeepSingh-ATR1063" failures="0" tests="1" name="Hydro.GeneratePot.Sessions" time="1989.534" errors="0" timestamp="2024-07-11T12:16:30 IST" skipped="0">
  <testcase classname="Hydro.GeneratePot.Sessions" name="testBrowser" time="1989.534"/>
  <system-out/>
</testsuite> <!-- Hydro.GeneratePot.Sessions -->
